<?xml version="1.0" encoding="UTF-8"?>
<!-- Generated by org.testng.reporters.JUnitReportReporter -->
<testsuite hostname="Al-Amin" failures="0" tests="1" name="testcases.TestProduct" time="14.960" errors="0" timestamp="2023-08-30T21:57:24 BDT" skipped="0">
  <testcase classname="testcases.TestProduct" name="product_test" time="14.960"/>
</testsuite> <!-- testcases.TestProduct -->
