<?xml version="1.0" encoding="UTF-8"?>
<!-- Generated by org.testng.reporters.JUnitReportReporter -->
<testsuite hostname="Al-Amin" failures="0" tests="1" name="testcases.MyGPTest" time="26.013" errors="0" timestamp="2023-08-03T23:46:06 BDT" skipped="0">
  <testcase classname="testcases.MyGPTest" name="MyGP" time="26.013"/>
</testsuite> <!-- testcases.MyGPTest -->
