<?xml version="1.0" encoding="UTF-8"?>
<!-- Generated by org.testng.reporters.JUnitReportReporter -->
<testsuite hostname="Al-Amin" failures="0" tests="1" name="testcases.TestProduct" time="20.645" errors="0" timestamp="2023-08-03T23:46:06 BDT" skipped="0">
  <testcase classname="testcases.TestProduct" name="productTest" time="20.645"/>
</testsuite> <!-- testcases.TestProduct -->
