<?xml version="1.0" encoding="UTF-8"?>
<!-- Generated by org.testng.reporters.JUnitReportReporter -->
<testsuite hostname="Al-Amin" failures="0" tests="1" name="testcases.TestLogin" time="10.208" errors="0" timestamp="2023-08-03T23:46:06 BDT" skipped="0">
  <testcase classname="testcases.TestLogin" name="LoginTest" time="10.208"/>
</testsuite> <!-- testcases.TestLogin -->
