<?xml version="1.0" encoding="UTF-8"?>
<!-- Generated by org.testng.reporters.JUnitReportReporter -->
<testsuite hostname="Al-Amin" failures="0" tests="1" name="testcases.TestProduct" time="13.767" errors="0" timestamp="2023-09-06T19:27:39 BDT" skipped="0">
  <testcase classname="testcases.TestProduct" name="product_test" time="13.767"/>
</testsuite> <!-- testcases.TestProduct -->
