<?xml version="1.0" encoding="UTF-8"?>
<!-- Generated by org.testng.reporters.JUnitReportReporter -->
<testsuite hostname="Al-Amin" failures="0" tests="1" name="testcases.TestProduct" time="44.771" errors="0" timestamp="2023-09-12T20:46:47 BDT" skipped="0">
  <testcase classname="testcases.TestProduct" name="product_test" time="44.771"/>
</testsuite> <!-- testcases.TestProduct -->
